[     634ms] Error: Hydration failed because the server rendered HTML didn't match the client. As a result this tree will be regenerated on the client. This can happen if a SSR-ed Client Component used:

- A server/client branch `if (typeof window !== 'undefined')`.
- Variable input such as `Date.now()` or `Math.random()` which changes each time it's called.
- Date formatting in a user's locale which doesn't match the server.
- External changing data without sending a snapshot of it along with the HTML.
- Invalid HTML tag nesting.

It can also happen if the client has a browser extension installed which messes with the HTML before React loaded.

https://react.dev/link/hydration-mismatch

  ...
    <HTTPAccessFallbackErrorBoundary pathname="/" notFound={{...}} forbidden={undefined} unauthorized={undefined} ...>
      <RedirectBoundary>
        <RedirectErrorBoundary router={{...}}>
          <InnerLayoutRouter url="/" tree={[...]} params={{}} cacheNode={{rsc:{...}, ...}} segmentPath={[...]} ...>
            <SegmentViewNode type="page" pagePath="page.tsx">
              <SegmentTrieNode>
              <Home>
                <main className="min-h-scre...">
                  <Header>
                  <HeroSection>
                    <section className="relative o...">
                      <div>
                      <div className="min-h-scre...">
                        <div className="w-full h-full">
                          <div className="grid lg:gr...">
                            <motion.div className="flex items..." initial={{opacity:0,x:-45}} animate={{opacity:1,x:0}} ...>
                              <div
+                               className="flex items-center justify-center px-4 py-8 lg:py-12"
-                               className="flex flex-col items-center text-center justify-center space-y-8 px-6 md:px-..."
                                style={{opacity:0,transform:"translateX..."}}
                                ref={function useMotionRef.useCallback}
                              >
                                <div
+                                 className="w-full max-w-[620px] flex flex-col items-center text-center space-y-8"
-                                 className="space-y-4"
                                >
                                  <div
+                                   className="space-y-4 flex flex-col items-center"
-                                   className="inline-flex items-center gap-2 px-4 py-2 rounded-full glass text-sm tex..."
-                                   style={{opacity:"0",transform:"translateY..."}}
                                  >
                                    <motion.div className="inline-fle..." initial={{opacity:0,y:18}} ...>
+                                     <div
+                                       className="inline-flex items-center gap-2 px-4 py-2 rounded-full glass text-sm..."
+                                       style={{opacity:0,transform:"translateY..."}}
+                                       ref={function useMotionRef.useCallback}
+                                     >
-                                     <svg
-                                       xmlns="http://www.w3.org/2000/svg"
-                                       width="24"
-                                       height="24"
-                                       viewBox="0 0 24 24"
-                                       fill="none"
-                                       stroke="currentColor"
-                                       stroke-width="2"
-                                       stroke-linecap="round"
-                                       stroke-linejoin="round"
-                                       className="lucide lucide-sparkles w-4 h-4"
-                                       aria-hidden="true"
-                                     >
                                    ...
                                  ...
                            ...
                  ...
            ...
          ...

    at throwOnHydrationMismatch (http://localhost:3000/_next/static/chunks/node_modules_next_dist_compiled_react-dom_058-ah~._.js:3318:56)
    at beginWork (http://localhost:3000/_next/static/chunks/node_modules_next_dist_compiled_react-dom_058-ah~._.js:6758:918)
    at runWithFiberInDEV (http://localhost:3000/_next/static/chunks/node_modules_next_dist_compiled_react-dom_058-ah~._.js:965:74)
    at performUnitOfWork (http://localhost:3000/_next/static/chunks/node_modules_next_dist_compiled_react-dom_058-ah~._.js:9555:97)
    at workLoopConcurrentByScheduler (http://localhost:3000/_next/static/chunks/node_modules_next_dist_compiled_react-dom_058-ah~._.js:9551:58)
    at renderRootConcurrent (http://localhost:3000/_next/static/chunks/node_modules_next_dist_compiled_react-dom_058-ah~._.js:9534:71)
    at performWorkOnRoot (http://localhost:3000/_next/static/chunks/node_modules_next_dist_compiled_react-dom_058-ah~._.js:9061:150)
    at performWorkOnRootViaSchedulerTask (http://localhost:3000/_next/static/chunks/node_modules_next_dist_compiled_react-dom_058-ah~._.js:10255:9)
    at MessagePort.performWorkUntilDeadline (http://localhost:3000/_next/static/chunks/node_modules_next_dist_compiled_0rpq4pf._.js:2647:64)
